[2026-05-11 05:35:12] Undefined array key "user_id" in C:\laragon\www\voting-management-system\app\controllers\AuthController.php on line 177
Stack trace:
#0 C:\laragon\www\voting-management-system\app\controllers\AuthController.php(177): {closure}(2, 'Undefined array...', 'C:\\laragon\\www\\...', 177)
#1 C:\laragon\www\voting-management-system\app\core\Router.php(66): App\Controllers\AuthController->login()
#2 C:\laragon\www\voting-management-system\public\index.php(8): App\Core\Router->dispatch('POST', '/voting-managem...')
#3 {main}
[2026-05-11 05:36:39] Undefined array key "user_id" in C:\laragon\www\voting-management-system\app\controllers\AuthController.php on line 177
Stack trace:
#0 C:\laragon\www\voting-management-system\app\controllers\AuthController.php(177): {closure}(2, 'Undefined array...', 'C:\\laragon\\www\\...', 177)
#1 C:\laragon\www\voting-management-system\app\core\Router.php(66): App\Controllers\AuthController->login()
#2 C:\laragon\www\voting-management-system\public\index.php(8): App\Core\Router->dispatch('POST', '/voting-managem...')
#3 {main}
[2026-05-11 05:40:05] Undefined array key "email" in C:\laragon\www\voting-management-system\app\controllers\AuthController.php on line 179
Stack trace:
#0 C:\laragon\www\voting-management-system\app\controllers\AuthController.php(179): {closure}(2, 'Undefined array...', 'C:\\laragon\\www\\...', 179)
#1 C:\laragon\www\voting-management-system\app\core\Router.php(66): App\Controllers\AuthController->login()
#2 C:\laragon\www\voting-management-system\public\index.php(8): App\Core\Router->dispatch('POST', '/voting-managem...')
#3 {main}
[2026-05-11 05:40:39] Undefined array key "email" in C:\laragon\www\voting-management-system\app\controllers\AuthController.php on line 179
Stack trace:
#0 C:\laragon\www\voting-management-system\app\controllers\AuthController.php(179): {closure}(2, 'Undefined array...', 'C:\\laragon\\www\\...', 179)
#1 C:\laragon\www\voting-management-system\app\core\Router.php(66): App\Controllers\AuthController->login()
#2 C:\laragon\www\voting-management-system\public\index.php(8): App\Core\Router->dispatch('POST', '/voting-managem...')
#3 {main}
[2026-05-11 06:32:06] Undefined array key "email" in C:\laragon\www\voting-management-system\app\controllers\AuthController.php on line 179
Stack trace:
#0 C:\laragon\www\voting-management-system\app\controllers\AuthController.php(179): {closure}(2, 'Undefined array...', 'C:\\laragon\\www\\...', 179)
#1 C:\laragon\www\voting-management-system\app\core\Router.php(66): App\Controllers\AuthController->login()
#2 C:\laragon\www\voting-management-system\public\index.php(8): App\Core\Router->dispatch('POST', '/voting-managem...')
#3 {main}
[2026-05-11 07:03:12] Undefined array key "email" in C:\laragon\www\voting-management-system\app\controllers\AuthController.php on line 179
Stack trace:
#0 C:\laragon\www\voting-management-system\app\controllers\AuthController.php(179): {closure}(2, 'Undefined array...', 'C:\\laragon\\www\\...', 179)
#1 C:\laragon\www\voting-management-system\app\core\Router.php(66): App\Controllers\AuthController->login()
#2 C:\laragon\www\voting-management-system\public\index.php(8): App\Core\Router->dispatch('POST', '/voting-managem...')
#3 {main}
[2026-05-11 07:27:58] SQLSTATE[42S22]: Column not found: 1054 Unknown column 'v.position_id' in 'on clause' in C:\laragon\www\voting-management-system\app\models\Vote.php on line 90
Stack trace:
#0 C:\laragon\www\voting-management-system\app\models\Vote.php(90): PDO->prepare('\r\n            S...')
#1 C:\laragon\www\voting-management-system\app\controllers\VoteController.php(126): App\Models\Vote->confirmationDetails(3, 1)
#2 C:\laragon\www\voting-management-system\app\core\Router.php(66): App\Controllers\VoteController->confirmation()
#3 C:\laragon\www\voting-management-system\public\index.php(8): App\Core\Router->dispatch('GET', '/voting-managem...')
#4 {main}
[2026-05-11 07:28:02] SQLSTATE[42S22]: Column not found: 1054 Unknown column 'position_id' in 'field list' in C:\laragon\www\voting-management-system\app\models\Vote.php on line 63
Stack trace:
#0 C:\laragon\www\voting-management-system\app\models\Vote.php(63): PDO->prepare('SELECT position...')
#1 C:\laragon\www\voting-management-system\app\controllers\VoteController.php(28): App\Models\Vote->studentVotes(3, 1)
#2 C:\laragon\www\voting-management-system\app\core\Router.php(66): App\Controllers\VoteController->index()
#3 C:\laragon\www\voting-management-system\public\index.php(8): App\Core\Router->dispatch('GET', '/voting-managem...')
#4 {main}
[2026-05-11 07:28:20] SQLSTATE[42S22]: Column not found: 1054 Unknown column 'position_id' in 'field list' in C:\laragon\www\voting-management-system\app\models\Vote.php on line 63
Stack trace:
#0 C:\laragon\www\voting-management-system\app\models\Vote.php(63): PDO->prepare('SELECT position...')
#1 C:\laragon\www\voting-management-system\app\controllers\VoteController.php(28): App\Models\Vote->studentVotes(3, 1)
#2 C:\laragon\www\voting-management-system\app\core\Router.php(66): App\Controllers\VoteController->index()
#3 C:\laragon\www\voting-management-system\public\index.php(8): App\Core\Router->dispatch('GET', '/voting-managem...')
#4 {main}
[2026-05-11 07:28:25] SQLSTATE[42S22]: Column not found: 1054 Unknown column 'position_id' in 'field list' in C:\laragon\www\voting-management-system\app\models\Vote.php on line 63
Stack trace:
#0 C:\laragon\www\voting-management-system\app\models\Vote.php(63): PDO->prepare('SELECT position...')
#1 C:\laragon\www\voting-management-system\app\controllers\VoteController.php(28): App\Models\Vote->studentVotes(3, 1)
#2 C:\laragon\www\voting-management-system\app\core\Router.php(66): App\Controllers\VoteController->index()
#3 C:\laragon\www\voting-management-system\public\index.php(8): App\Core\Router->dispatch('GET', '/voting-managem...')
#4 {main}
[2026-05-13 14:38:06] Class "App\Models\PDO" not found in C:\laragon\www\voting-management-system\app\models\Student.php on line 140
Stack trace:
#0 C:\laragon\www\voting-management-system\app\controllers\StudentController.php(34): App\Models\Student->distinctCourses()
#1 C:\laragon\www\voting-management-system\app\core\Router.php(66): App\Controllers\StudentController->index()
#2 C:\laragon\www\voting-management-system\public\index.php(8): App\Core\Router->dispatch('GET', '/voting-managem...')
#3 {main}
[2026-05-13 14:38:14] Class "App\Models\PDO" not found in C:\laragon\www\voting-management-system\app\models\Student.php on line 140
Stack trace:
#0 C:\laragon\www\voting-management-system\app\controllers\StudentController.php(34): App\Models\Student->distinctCourses()
#1 C:\laragon\www\voting-management-system\app\core\Router.php(66): App\Controllers\StudentController->index()
#2 C:\laragon\www\voting-management-system\public\index.php(8): App\Core\Router->dispatch('GET', '/voting-managem...')
#3 {main}
